<?xml version="1.0" encoding="UTF-8"?>
<robot generator="Robot 5.0 (Python 3.10.4 on win32)" generated="20220922 22:52:03.479" rpa="false" schemaversion="3">
<suite id="s1" name="Exercicios" source="C:\Users\salves\sistreinamento\treinamentoSIS-Git-\exercicios.robot">
<test id="s1-t1" name="Média Lista" line="55">
<kw name="Evaluate" library="BuiltIn">
<var>${NOTAS}</var>
<arg>9+8+5</arg>
<doc>Evaluates the given expression in Python and returns the result.</doc>
<msg timestamp="20220922 22:52:03.500" level="INFO">${NOTAS} = 22</msg>
<status status="PASS" starttime="20220922 22:52:03.500" endtime="20220922 22:52:03.500"/>
</kw>
<kw name="Log To Console" library="BuiltIn">
<arg>${NOTAS}</arg>
<doc>Logs the given message to the console.</doc>
<status status="PASS" starttime="20220922 22:52:03.501" endtime="20220922 22:52:03.502"/>
</kw>
<kw name="Log" library="BuiltIn">
<arg>${NOTAS}</arg>
<doc>Logs the given message with the given level.</doc>
<msg timestamp="20220922 22:52:03.503" level="INFO">22</msg>
<status status="PASS" starttime="20220922 22:52:03.503" endtime="20220922 22:52:03.503"/>
</kw>
<kw name="Evaluate" library="BuiltIn">
<var>${NOTAS}</var>
<arg>22/3</arg>
<doc>Evaluates the given expression in Python and returns the result.</doc>
<msg timestamp="20220922 22:52:03.505" level="INFO">${NOTAS} = 7.333333333333333</msg>
<status status="PASS" starttime="20220922 22:52:03.505" endtime="20220922 22:52:03.505"/>
</kw>
<kw name="Log To Console" library="BuiltIn">
<arg>${NOTAS}</arg>
<doc>Logs the given message to the console.</doc>
<status status="PASS" starttime="20220922 22:52:03.506" endtime="20220922 22:52:03.506"/>
</kw>
<kw name="Log" library="BuiltIn">
<arg>${NOTAS}</arg>
<doc>Logs the given message with the given level.</doc>
<msg timestamp="20220922 22:52:03.508" level="INFO">7.333333333333333</msg>
<status status="PASS" starttime="20220922 22:52:03.507" endtime="20220922 22:52:03.508"/>
</kw>
<status status="PASS" starttime="20220922 22:52:03.499" endtime="20220922 22:52:03.509"/>
</test>
<status status="PASS" starttime="20220922 22:52:03.481" endtime="20220922 22:52:03.510"/>
</suite>
<statistics>
<total>
<stat pass="1" fail="0" skip="0">All Tests</stat>
</total>
<tag>
</tag>
<suite>
<stat pass="1" fail="0" skip="0" id="s1" name="Exercicios">Exercicios</stat>
</suite>
</statistics>
<errors>
</errors>
</robot>
